INFO:__main__:
This is the log file for mow the lawn. It should track every user input and every print
INFO:__main__:Welcome to Mow the Lawn! Do your best to mow the lawn today.

INFO:__main__:Items in inventory: 

INFO:__main__:You have 240 minutes left.
You are a bit thirsty.
INFO:__main__:9 is your water level.
INFO:__main__:User input is walk -> Walk.
INFO:__main__:
This is the log file for mow the lawn. It should track every user input and every print
INFO:__main__:Welcome to Mow the Lawn! Do your best to mow the lawn today.

INFO:__main__:Items in inventory: 

INFO:__main__:You have 240 minutes left.
You are a bit thirsty.
INFO:__main__:9 is your water level.
INFO:__main__:User input is walk -> Walk.
INFO:__main__:Walk -> Room or Item not found. Please try again.
INFO:__main__:User input is admkwf -> Admkwf.
INFO:__main__:Admkwf -> Room or Item not found. Please try again.
INFO:__main__:User input is fijnf -> Fijnf.
INFO:__main__:Fijnf -> Room or Item not found. Please try again.
INFO:__main__:User input is kitchen -> Kitchen.
INFO:__main__:Items in inventory: 

INFO:__main__:You have 230 minutes left.
You are a bit thirsty.
INFO:__main__:8 is your water level.
INFO:__main__:User input is keys -> Keys.
INFO:__main__:Items in inventory: Keys

INFO:__main__:User input is garage -> Garage.
INFO:__main__:Items in inventory: Keys

INFO:__main__:You have 220 minutes left.
You are a bit thirsty.
INFO:__main__:7 is your water level.
INFO:__main__:User input is front yard -> Front Yard.
INFO:__main__:Items in inventory: Keys

INFO:__main__:You have 210 minutes left.
You are thirsty.
INFO:__main__:6 is your water level.
INFO:__main__:User input is garage -> Garage.
INFO:__main__:Items in inventory: Keys

INFO:__main__:You have 200 minutes left.
You are thirsty.
INFO:__main__:5 is your water level.
INFO:__main__:User input is car -> Car.
INFO:__main__:Items in inventory: Keys

INFO:__main__:You have 190 minutes left.
You are thirsty.
INFO:__main__:4 is your water level.
INFO:__main__:User input is boba shop -> Boba Shop.
INFO:__main__:Items in inventory: Keys

INFO:__main__:You have 170 minutes left.
You are very thirsty.
INFO:__main__:2 is your water level.
INFO:__main__:User input is boba tea -> Boba Tea.
INFO:__main__:Items in inventory: Keys

INFO:__main__:User input is garage -> Garage.
INFO:__main__:
This is the log file for mow the lawn. It should track every user input and every print
INFO:__main__:Welcome to Mow the Lawn! Do your best to mow the lawn today.

INFO:__main__:Items in inventory: 

INFO:__main__:You have 240 minutes left.
You are a bit thirsty.
INFO:__main__:9 is your water level.
INFO:__main__:User input is wallet -> Wallet.
INFO:__main__:Items in inventory: Wallet

INFO:__main__:User input is kitchen -> Kitchen.
INFO:__main__:Items in inventory: Wallet

INFO:__main__:You have 230 minutes left.
You are a bit thirsty.
INFO:__main__:8 is your water level.
INFO:__main__:User input is waller -> Waller.
INFO:__main__:Waller -> Room or Item not found. Please try again.
INFO:__main__:User input is walllet -> Walllet.
INFO:__main__:Walllet -> Room or Item not found. Please try again.
INFO:__main__:User input is wallet -> Wallet.
INFO:__main__:
This is the log file for mow the lawn. It should track every user input and every print
INFO:__main__:Welcome to Mow the Lawn! Do your best to mow the lawn today.

INFO:__main__:Items in inventory: 

INFO:__main__:You have 240 minutes left.
You are a bit thirsty.
INFO:__main__:9 is your water level.
INFO:__main__:User input is wallet -> Wallet.
INFO:__main__:Items in inventory: Wallet

INFO:__main__:User input is wallet -> Wallet.
INFO:__main__:
This is the log file for mow the lawn. It should track every user input and every print
INFO:__main__:Welcome to Mow the Lawn! Do your best to mow the lawn today.

INFO:__main__:Items in inventory: 

INFO:__main__:You have 240 minutes left.
You are a bit thirsty.
INFO:__main__:9 is your water level.
INFO:__main__:User input is note -> Note.
INFO:__main__:Items in inventory: Note

INFO:__main__:User input is note -> Note.
INFO:__main__:Items in inventory: Note

INFO:__main__:You have 240 minutes left.
You are a bit thirsty.
INFO:__main__:User input is wallet -> Wallet.
INFO:__main__:Items in inventory: Note, Wallet

INFO:__main__:User input is note -> Note.
INFO:__main__:Items in inventory: Note, Wallet

INFO:__main__:You have 240 minutes left.
You are a bit thirsty.
INFO:__main__:
This is the log file for mow the lawn. It should track every user input and every print
INFO:__main__:Welcome to Mow the Lawn! Do your best to mow the lawn today.

INFO:__main__:Items in inventory: 

INFO:__main__:You have 240 minutes left.
You are a bit thirsty.
INFO:__main__:9 is your water level.
INFO:__main__:User input is stale water -> Stale Water.
INFO:__main__:Items in inventory: 

INFO:__main__:User input is wallet -> Wallet.
INFO:__main__:Items in inventory: Wallet

INFO:__main__:User input is note -> Note.
INFO:__main__:Items in inventory: Wallet, Note

INFO:__main__:User input is master bedroom -> Master Bedroom.
INFO:__main__:Items in inventory: Wallet, Note

INFO:__main__:You have 230 minutes left.
You are not thirsty.
INFO:__main__:13 is your water level.
INFO:__main__:User input is credit card -> Credit Card.
INFO:__main__:Items in inventory: Wallet, Note, Credit Card

INFO:__main__:User input is credit card -> Credit Card.
INFO:__main__:Items in inventory: Wallet, Note, Credit Card

INFO:__main__:You have 230 minutes left.
You are not thirsty.
INFO:__main__:
This is the log file for mow the lawn. It should track every user input and every print
INFO:__main__:Welcome to Mow the Lawn! Do your best to mow the lawn today.

INFO:__main__:Items in inventory: 

INFO:__main__:You have 240 minutes left.
You are a bit thirsty.
INFO:__main__:9 is your water level.
INFO:__main__:User input is stale water -> Stale Water.
INFO:__main__:Items in inventory: 

INFO:__main__:User input is kitchen -> Kitchen.
INFO:__main__:Items in inventory: 

INFO:__main__:You have 230 minutes left.
You are not thirsty.
INFO:__main__:13 is your water level.
INFO:__main__:User input is keys -> Keys.
INFO:__main__:Items in inventory: Keys

INFO:__main__:User input is keys -> Keys.
INFO:__main__:Items in inventory: Keys

INFO:__main__:You have 230 minutes left.
You are not thirsty.
INFO:__main__:
This is the log file for mow the lawn. It should track every user input and every print
INFO:__main__:Welcome to Mow the Lawn! Do your best to mow the lawn today.

INFO:__main__:Items in inventory: 

INFO:__main__:You have 240 minutes left.
You are a bit thirsty.
INFO:__main__:9 is your water level.
INFO:__main__:User input is wallet -> Wallet.
INFO:__main__:Items in inventory: Wallet

INFO:__main__:User input is wallet -> Wallet.
INFO:__main__:
This is the log file for mow the lawn. It should track every user input and every print
INFO:__main__:Welcome to Mow the Lawn! Do your best to mow the lawn today.

INFO:__main__:Items in inventory: 

INFO:__main__:You have 240 minutes left.
You are a bit thirsty.
INFO:__main__:9 is your water level.
INFO:__main__:User input is wallet -> Wallet.
INFO:__main__:Items in inventory: Wallet

INFO:__main__:User input is wallet -> Wallet.
INFO:__main__:Items in inventory: Wallet

INFO:__main__:You have 240 minutes left.
You are a bit thirsty.
INFO:__main__:
This is the log file for mow the lawn. It should track every user input and every print
INFO:__main__:Welcome to Mow the Lawn! Do your best to mow the lawn today.

INFO:__main__:Items in inventory: 

INFO:__main__:You have 240 minutes left.
You are a bit thirsty.
INFO:__main__:9 is your water level.
INFO:__main__:User input is wallet -> Wallet.
INFO:__main__:Items in inventory: Wallet

INFO:__main__:You have 240 minutes left.
You are a bit thirsty.
INFO:__main__:9 is your water level.
INFO:__main__:User input is stale water -> Stale Water.
INFO:__main__:Items in inventory: Wallet

INFO:__main__:You have 240 minutes left.
You are not thirsty.
INFO:__main__:14 is your water level.
INFO:__main__:User input is kitchen -> Kitchen.
INFO:__main__:Items in inventory: Wallet

INFO:__main__:You have 230 minutes left.
You are not thirsty.
INFO:__main__:13 is your water level.
INFO:__main__:User input is keys -> Keys.
INFO:__main__:Items in inventory: Wallet, Keys

INFO:__main__:You have 230 minutes left.
You are not thirsty.
INFO:__main__:13 is your water level.
INFO:__main__:User input is grab water -> Grab Water.
INFO:__main__:Items in inventory: Wallet, Keys, Water Bottle

INFO:__main__:You have 230 minutes left.
You are not thirsty.
INFO:__main__:13 is your water level.
INFO:__main__:User input is garage -> Garage.
INFO:__main__:Items in inventory: Wallet, Keys, Water Bottle

INFO:__main__:You have 220 minutes left.
You are not thirsty.
INFO:__main__:12 is your water level.
INFO:__main__:User input is car -> Car.
INFO:__main__:Items in inventory: Wallet, Keys, Water Bottle

INFO:__main__:You have 210 minutes left.
You are not thirsty.
INFO:__main__:11 is your water level.
INFO:__main__:User input is gas station -> Gas Station.
INFO:__main__:Items in inventory: Wallet, Keys, Water Bottle

INFO:__main__:You have 190 minutes left.
You are a bit thirsty.
INFO:__main__:9 is your water level.
INFO:__main__:User input is gas can -> Gas Can.
INFO:__main__:Items in inventory: Wallet, Keys, Water Bottle, Gas Can

INFO:__main__:You have 190 minutes left.
You are a bit thirsty.
INFO:__main__:9 is your water level.
INFO:__main__:User input is hardware store -> Hardware Store.
INFO:__main__:Items in inventory: Wallet, Keys, Water Bottle, Gas Can

INFO:__main__:You have 170 minutes left.
You are a bit thirsty.
INFO:__main__:7 is your water level.
INFO:__main__:User input is air filter -> Air Filter.
INFO:__main__:Items in inventory: Wallet, Keys, Water Bottle, Gas Can, Air Filter

INFO:__main__:You have 170 minutes left.
You are a bit thirsty.
INFO:__main__:7 is your water level.
INFO:__main__:User input is garage -> Garage.
INFO:__main__:Items in inventory: Wallet, Keys, Water Bottle, Gas Can, Air Filter

INFO:__main__:You have 160 minutes left.
You are thirsty.
INFO:__main__:6 is your water level.
INFO:__main__:User input is water bottle -> Water Bottle.
INFO:__main__:Items in inventory: Wallet, Keys, Gas Can, Air Filter

INFO:__main__:You have 160 minutes left.
You are not thirsty.
INFO:__main__:21 is your water level.
INFO:__main__:User input is mower -> Mower.
INFO:__main__:Items in inventory: Wallet, Keys, Gas Can, Air Filter

INFO:__main__:You have 160 minutes left.
You are not thirsty.
INFO:__main__:21 is your water level.
INFO:__main__:User input is start mowing -> Start Mowing.
INFO:__main__:Items in inventory: Wallet, Keys, Gas Can, Air Filter

INFO:__main__:You have 150 minutes left.
You are not thirsty.
INFO:__main__:20 is your water level.
INFO:__main__:User input is mow front -> Mow Front.
INFO:__main__:Items in inventory: Wallet, Keys, Gas Can, Air Filter

INFO:__main__:You have 120 minutes left.
You are not thirsty.
INFO:__main__:15 is your water level.
INFO:__main__:User input is mow back -> Mow Back.
INFO:__main__:Items in inventory: Wallet, Keys, Gas Can, Air Filter

INFO:__main__:You have 90 minutes left.
You are not thirsty.
INFO:__main__:10 is your water level.
INFO:__main__:
This is the log file for mow the lawn. It should track every user input and every print
INFO:__main__:Welcome to Mow the Lawn! Do your best to mow the lawn today.

INFO:__main__:Items in inventory: 

INFO:__main__:You have 240 minutes left.
You are a bit thirsty.
INFO:__main__:9 is your water level.
INFO:__main__:User input is wallet -> Wallet.
INFO:__main__:Items in inventory: Wallet

INFO:__main__:You have 240 minutes left.
You are a bit thirsty.
INFO:__main__:9 is your water level.
INFO:__main__:User input is wallet -> Wallet.
INFO:__main__:Items in inventory: Wallet

INFO:__main__:You have 240 minutes left.
You are a bit thirsty.
INFO:__main__:9 is your water level.
INFO:__main__:User input is note -> Note.
INFO:__main__:Items in inventory: Wallet, Note

INFO:__main__:You have 240 minutes left.
You are a bit thirsty.
INFO:__main__:9 is your water level.
INFO:__main__:User input is note -> Note.
INFO:__main__:Items in inventory: Wallet, Note

INFO:__main__:You have 240 minutes left.
You are a bit thirsty.
INFO:__main__:9 is your water level.
INFO:__main__:User input is stale water -> Stale Water.
INFO:__main__:Items in inventory: Wallet, Note

INFO:__main__:You have 240 minutes left.
You are not thirsty.
INFO:__main__:14 is your water level.
INFO:__main__:User input is kitchen -> Kitchen.
INFO:__main__:Items in inventory: Wallet, Note

INFO:__main__:You have 230 minutes left.
You are not thirsty.
INFO:__main__:13 is your water level.
INFO:__main__:User input is grab water -> Grab Water.
INFO:__main__:Items in inventory: Wallet, Note, Water Bottle

INFO:__main__:You have 230 minutes left.
You are not thirsty.
INFO:__main__:13 is your water level.
INFO:__main__:User input is garage -> Garage.
INFO:__main__:Items in inventory: Wallet, Note, Water Bottle

INFO:__main__:You have 220 minutes left.
You are not thirsty.
INFO:__main__:12 is your water level.
INFO:__main__:User input is car -> Car.
INFO:__main__:Items in inventory: Wallet, Note, Water Bottle

INFO:__main__:You have 210 minutes left.
You are not thirsty.
INFO:__main__:11 is your water level.
INFO:__main__:User input is garage -> Garage.
INFO:__main__:Items in inventory: Wallet, Note, Water Bottle

INFO:__main__:You have 200 minutes left.
You are not thirsty.
INFO:__main__:10 is your water level.
INFO:__main__:User input is kitchen -> Kitchen.
INFO:__main__:Items in inventory: Wallet, Note, Water Bottle

INFO:__main__:You have 190 minutes left.
You are a bit thirsty.
INFO:__main__:9 is your water level.
INFO:__main__:User input is keys -> Keys.
INFO:__main__:New exits have been added to the car.
INFO:__main__:Items in inventory: Wallet, Note, Water Bottle, Keys

INFO:__main__:You have 190 minutes left.
You are a bit thirsty.
INFO:__main__:9 is your water level.
INFO:__main__:User input is garage -> Garage.
INFO:__main__:Items in inventory: Wallet, Note, Water Bottle, Keys

INFO:__main__:You have 180 minutes left.
You are a bit thirsty.
INFO:__main__:8 is your water level.
INFO:__main__:User input is mower -> Mower.
INFO:__main__:Items in inventory: Wallet, Note, Water Bottle, Keys

INFO:__main__:You have 180 minutes left.
You are a bit thirsty.
INFO:__main__:8 is your water level.
INFO:__main__:User input is car -> Car.
INFO:__main__:Items in inventory: Wallet, Note, Water Bottle, Keys

INFO:__main__:You have 170 minutes left.
You are a bit thirsty.
INFO:__main__:7 is your water level.
INFO:__main__:User input is gas station -> Gas Station.
INFO:__main__:Items in inventory: Wallet, Note, Water Bottle, Keys

INFO:__main__:You have 150 minutes left.
You are thirsty.
INFO:__main__:5 is your water level.
INFO:__main__:User input is gas can -> Gas Can.
INFO:__main__:Items in inventory: Wallet, Note, Water Bottle, Keys, Gas Can

INFO:__main__:You have 150 minutes left.
You are thirsty.
INFO:__main__:5 is your water level.
INFO:__main__:User input is gas receipt -> Gas Receipt.
INFO:__main__:Items in inventory: Wallet, Note, Water Bottle, Keys, Gas Can, Gas Receipt

INFO:__main__:You have 150 minutes left.
You are thirsty.
INFO:__main__:5 is your water level.
INFO:__main__:User input is hardware store -> Hardware Store.
INFO:__main__:Items in inventory: Wallet, Note, Water Bottle, Keys, Gas Can, Gas Receipt

INFO:__main__:You have 130 minutes left.
You are very thirsty.
INFO:__main__:3 is your water level.
INFO:__main__:User input is air filter -> Air Filter.
INFO:__main__:Items in inventory: Wallet, Note, Water Bottle, Keys, Gas Can, Gas Receipt, Air Filter

INFO:__main__:You have 130 minutes left.
You are very thirsty.
INFO:__main__:3 is your water level.
INFO:__main__:User input is water bottle -> Water Bottle.
INFO:__main__:Items in inventory: Wallet, Note, Keys, Gas Can, Gas Receipt, Air Filter

INFO:__main__:You have 130 minutes left.
You are not thirsty.
INFO:__main__:18 is your water level.
INFO:__main__:User input is garage -> Garage.
INFO:__main__:Items in inventory: Wallet, Note, Keys, Gas Can, Gas Receipt, Air Filter

INFO:__main__:You have 120 minutes left.
You are not thirsty.
INFO:__main__:17 is your water level.
INFO:__main__:User input is mower -> Mower.
INFO:__main__:New exit has been added to the garage.
INFO:__main__:Items in inventory: Wallet, Note, Keys, Gas Can, Gas Receipt, Air Filter

INFO:__main__:You have 120 minutes left.
You are not thirsty.
INFO:__main__:17 is your water level.
INFO:__main__:User input is front yard -> Front Yard.
INFO:__main__:Items in inventory: Wallet, Note, Keys, Gas Can, Gas Receipt, Air Filter

INFO:__main__:You have 110 minutes left.
You are not thirsty.
INFO:__main__:16 is your water level.
INFO:__main__:User input is garage -> Garage.
INFO:__main__:Items in inventory: Wallet, Note, Keys, Gas Can, Gas Receipt, Air Filter

INFO:__main__:You have 100 minutes left.
You are not thirsty.
INFO:__main__:15 is your water level.
INFO:__main__:User input is start mowing -> Start Mowing.
INFO:__main__:Items in inventory: Wallet, Note, Keys, Gas Can, Gas Receipt, Air Filter

INFO:__main__:You have 90 minutes left.
You are not thirsty.
INFO:__main__:14 is your water level.
INFO:__main__:User input is mow front -> Mow Front.
INFO:__main__:Items in inventory: Wallet, Note, Keys, Gas Can, Gas Receipt, Air Filter

INFO:__main__:You have 60 minutes left.
You are a bit thirsty.
INFO:__main__:9 is your water level.
INFO:__main__:User input is mor back -> Mor Back.
WARNING:__main__:Mor Back -> Room or Item not found. Please try again.
INFO:__main__:User input is mow back -> Mow Back.
INFO:__main__:Items in inventory: Wallet, Note, Keys, Gas Can, Gas Receipt, Air Filter

INFO:__main__:You have 30 minutes left.
You are thirsty.
INFO:__main__:4 is your water level.
INFO:__main__:
This is the log file for mow the lawn. It should track every user input and every print
INFO:__main__:Welcome to Mow the Lawn! Do your best to mow the lawn today.

INFO:__main__:Items in inventory: 

INFO:__main__:You have 240 minutes left.
You are a bit thirsty.
INFO:__main__:9 is your water level.
INFO:__main__:User input is wallet -> Wallet.
INFO:__main__:Items in inventory: Wallet

INFO:__main__:You have 240 minutes left.
You are a bit thirsty.
INFO:__main__:9 is your water level.
INFO:__main__:User input is stale water -> Stale Water.
INFO:__main__:Items in inventory: Wallet

INFO:__main__:You have 240 minutes left.
You are not thirsty.
INFO:__main__:14 is your water level.
INFO:__main__:User input is master bedroom -> Master Bedroom.
INFO:__main__:Items in inventory: Wallet

INFO:__main__:You have 230 minutes left.
You are not thirsty.
INFO:__main__:13 is your water level.
INFO:__main__:User input is credit card -> Credit Card.
INFO:__main__:Items in inventory: Wallet, Credit Card

INFO:__main__:You have 230 minutes left.
You are not thirsty.
INFO:__main__:13 is your water level.
INFO:__main__:User input is credit card -> Credit Card.
INFO:__main__:Items in inventory: Wallet, Credit Card

INFO:__main__:You have 230 minutes left.
You are not thirsty.
INFO:__main__:13 is your water level.
INFO:__main__:User input is credit card -> Credit Card.
INFO:__main__:Items in inventory: Wallet, Credit Card

INFO:__main__:You have 230 minutes left.
You are not thirsty.
INFO:__main__:13 is your water level.
INFO:__main__:User input is kitchen -> Kitchen.
INFO:__main__:Items in inventory: Wallet, Credit Card

INFO:__main__:You have 220 minutes left.
You are not thirsty.
INFO:__main__:12 is your water level.
INFO:__main__:User input is keys -> Keys.
INFO:__main__:New exits have been added to the car.
INFO:__main__:Items in inventory: Wallet, Credit Card, Keys

INFO:__main__:You have 220 minutes left.
You are not thirsty.
INFO:__main__:12 is your water level.
INFO:__main__:User input is grab water -> Grab Water.
INFO:__main__:Items in inventory: Wallet, Credit Card, Keys, Water Bottle

INFO:__main__:You have 220 minutes left.
You are not thirsty.
INFO:__main__:12 is your water level.
INFO:__main__:User input is garage -> Garage.
INFO:__main__:Items in inventory: Wallet, Credit Card, Keys, Water Bottle

INFO:__main__:You have 210 minutes left.
You are not thirsty.
INFO:__main__:11 is your water level.
INFO:__main__:User input is car -> Car.
INFO:__main__:Items in inventory: Wallet, Credit Card, Keys, Water Bottle

INFO:__main__:You have 200 minutes left.
You are not thirsty.
INFO:__main__:10 is your water level.
INFO:__main__:User input is boba shop -> Boba Shop.
INFO:__main__:Items in inventory: Wallet, Credit Card, Keys, Water Bottle

INFO:__main__:You have 180 minutes left.
You are a bit thirsty.
INFO:__main__:8 is your water level.
INFO:__main__:User input is boba tea -> Boba Tea.
INFO:__main__:Items in inventory: Wallet, Credit Card, Keys, Water Bottle, Boba Tea

INFO:__main__:You have 180 minutes left.
You are a bit thirsty.
INFO:__main__:8 is your water level.
INFO:__main__:User input is boba receipt -> Boba Receipt.
INFO:__main__:Items in inventory: Wallet, Credit Card, Keys, Water Bottle, Boba Tea, Boba Receipt

INFO:__main__:You have 180 minutes left.
You are a bit thirsty.
INFO:__main__:8 is your water level.
INFO:__main__:User input is gas station -> Gas Station.
INFO:__main__:Items in inventory: Wallet, Credit Card, Keys, Water Bottle, Boba Tea, Boba Receipt

INFO:__main__:You have 160 minutes left.
You are thirsty.
INFO:__main__:6 is your water level.
INFO:__main__:User input is boba tea -> Boba Tea.
INFO:__main__:Items in inventory: Wallet, Credit Card, Keys, Water Bottle, Boba Receipt

INFO:__main__:You have 160 minutes left.
You are not thirsty.
INFO:__main__:21 is your water level.
INFO:__main__:User input is boba receipt -> Boba Receipt.
INFO:__main__:Items in inventory: Wallet, Credit Card, Keys, Water Bottle, Boba Receipt

INFO:__main__:You have 160 minutes left.
You are not thirsty.
INFO:__main__:21 is your water level.
INFO:__main__:User input is gas can -> Gas Can.
INFO:__main__:Items in inventory: Wallet, Credit Card, Keys, Water Bottle, Boba Receipt, Gas Can

INFO:__main__:You have 160 minutes left.
You are not thirsty.
INFO:__main__:21 is your water level.
INFO:__main__:User input is gas receipt -> Gas Receipt.
INFO:__main__:Items in inventory: Wallet, Credit Card, Keys, Water Bottle, Boba Receipt, Gas Can, Gas Receipt

INFO:__main__:You have 160 minutes left.
You are not thirsty.
INFO:__main__:21 is your water level.
INFO:__main__:User input is hardware store -> Hardware Store.
INFO:__main__:Items in inventory: Wallet, Credit Card, Keys, Water Bottle, Boba Receipt, Gas Can, Gas Receipt

INFO:__main__:You have 140 minutes left.
You are not thirsty.
INFO:__main__:19 is your water level.
INFO:__main__:User input is air filter -> Air Filter.
INFO:__main__:Items in inventory: Wallet, Credit Card, Keys, Water Bottle, Boba Receipt, Gas Can, Gas Receipt, Air Filter

INFO:__main__:You have 140 minutes left.
You are not thirsty.
INFO:__main__:19 is your water level.
INFO:__main__:User input is filter receipt -> Filter Receipt.
INFO:__main__:Items in inventory: Wallet, Credit Card, Keys, Water Bottle, Boba Receipt, Gas Can, Gas Receipt, Air Filter, Filter Receipt

INFO:__main__:You have 140 minutes left.
You are not thirsty.
INFO:__main__:19 is your water level.
INFO:__main__:User input is garage -> Garage.
INFO:__main__:Items in inventory: Wallet, Credit Card, Keys, Water Bottle, Boba Receipt, Gas Can, Gas Receipt, Air Filter, Filter Receipt

INFO:__main__:You have 130 minutes left.
You are not thirsty.
INFO:__main__:18 is your water level.
INFO:__main__:User input is mower -> Mower.
INFO:__main__:New exit has been added to the garage.
INFO:__main__:Items in inventory: Wallet, Credit Card, Keys, Water Bottle, Boba Receipt, Gas Can, Gas Receipt, Air Filter, Filter Receipt

INFO:__main__:You have 130 minutes left.
You are not thirsty.
INFO:__main__:18 is your water level.
INFO:__main__:User input is start mowing -> Start Mowing.
INFO:__main__:Items in inventory: Wallet, Credit Card, Keys, Water Bottle, Boba Receipt, Gas Can, Gas Receipt, Air Filter, Filter Receipt

INFO:__main__:You have 120 minutes left.
You are not thirsty.
INFO:__main__:17 is your water level.
INFO:__main__:User input is mow front -> Mow Front.
INFO:__main__:Items in inventory: Wallet, Credit Card, Keys, Water Bottle, Boba Receipt, Gas Can, Gas Receipt, Air Filter, Filter Receipt

INFO:__main__:You have 90 minutes left.
You are not thirsty.
INFO:__main__:12 is your water level.
INFO:__main__:User input is mow back -> Mow Back.
INFO:__main__:Items in inventory: Wallet, Credit Card, Keys, Water Bottle, Boba Receipt, Gas Can, Gas Receipt, Air Filter, Filter Receipt

INFO:__main__:You have 60 minutes left.
You are a bit thirsty.
INFO:__main__:7 is your water level.
